'Recebeu o post, verificando junto ao PagSeguro'
array (
)
---------

'Recebeu o post, verificando junto ao PagSeguro'
array (
  'TransacaoID' => '2346B5FE-A9E4-4D9E-82CE-876A0AD9FE90',
  'DataTransacao' => '20/08/2013 15:33:37',
  'VendedorEmail' => 'relojoaria@relojoariasaopaulo.com.br',
  'Referencia' => '123',
  'TipoFrete' => 'SD',
  'Extras' => '0,00',
  'Parcelas' => '1',
  'ValorFrete' => '0,00',
  'Anotacao' => '',
  'TipoPagamento' => 'Boleto',
  'StatusTransacao' => 'Aguardando Pagto',
  'CliNome' => 'Marcelo Torres',
  'CliEmail' => 'cliente@gmail.com',
  'CliEndereco' => 'Rua dos tra la las',
  'CliNumero' => '80',
  'CliComplemento' => 'Complemento',
  'CliBairro' => 'Praia Grande',
  'CliCidade' => 'Ilhabela',
  'CliEstado' => 'SP',
  'CliCEP' => '11630000',
  'CliTelefone' => '12 9999',
  'NumItens' => '2',
  'ProdID_1' => '1',
  'ProdDescricao_1' => 'Descricao do Produto',
  'ProdValor_1' => '0,50',
  'ProdQuantidade_1' => '1',
  'ProdFrete_1' => '0,00',
  'ProdID_2' => '2',
  'ProdDescricao_2' => 'Descricao do Produto 2',
  'ProdValor_2' => '10,50',
  'ProdQuantidade_2' => '5',
  'ProdFrete_2' => '0,00',
)
---------

'Recebeu o post, verificando junto ao PagSeguro'
array (
  'TransacaoID' => '2346B5FE-A9E4-4D9E-82CE-876A0AD9FE90',
  'DataTransacao' => '20/08/2013 15:33:37',
  'VendedorEmail' => 'relojoaria@relojoariasaopaulo.com.br',
  'Referencia' => '123',
  'TipoFrete' => 'SD',
  'Extras' => '0,00',
  'Parcelas' => '1',
  'ValorFrete' => '0,00',
  'Anotacao' => '',
  'TipoPagamento' => 'Boleto',
  'StatusTransacao' => 'Em Análise',
  'CliNome' => 'Marcelo Torres',
  'CliEmail' => 'cliente@gmail.com',
  'CliEndereco' => 'Rua dos tra la las',
  'CliNumero' => '80',
  'CliComplemento' => 'Complemento',
  'CliBairro' => 'Praia Grande',
  'CliCidade' => 'Ilhabela',
  'CliEstado' => 'SP',
  'CliCEP' => '11630000',
  'CliTelefone' => '12 9999',
  'NumItens' => '2',
  'ProdID_1' => '1',
  'ProdDescricao_1' => 'Descricao do Produto',
  'ProdValor_1' => '0,50',
  'ProdQuantidade_1' => '1',
  'ProdFrete_1' => '0,00',
  'ProdID_2' => '2',
  'ProdDescricao_2' => 'Descricao do Produto 2',
  'ProdValor_2' => '10,50',
  'ProdQuantidade_2' => '5',
  'ProdFrete_2' => '0,00',
)
---------

'Recebeu o post, verificando junto ao PagSeguro'
array (
  'TransacaoID' => '2346B5FE-A9E4-4D9E-82CE-876A0AD9FE90',
  'DataTransacao' => '20/08/2013 15:33:37',
  'VendedorEmail' => 'relojoaria@relojoariasaopaulo.com.br',
  'Referencia' => '123',
  'TipoFrete' => 'SD',
  'Extras' => '0,00',
  'Parcelas' => '1',
  'ValorFrete' => '0,00',
  'Anotacao' => '',
  'TipoPagamento' => 'Boleto',
  'StatusTransacao' => 'Aprovado',
  'CliNome' => 'Marcelo Torres',
  'CliEmail' => 'cliente@gmail.com',
  'CliEndereco' => 'Rua dos tra la las',
  'CliNumero' => '80',
  'CliComplemento' => 'Complemento',
  'CliBairro' => 'Praia Grande',
  'CliCidade' => 'Ilhabela',
  'CliEstado' => 'SP',
  'CliCEP' => '11630000',
  'CliTelefone' => '12 9999',
  'NumItens' => '2',
  'ProdID_1' => '1',
  'ProdDescricao_1' => 'Descricao do Produto',
  'ProdValor_1' => '0,50',
  'ProdQuantidade_1' => '1',
  'ProdFrete_1' => '0,00',
  'ProdID_2' => '2',
  'ProdDescricao_2' => 'Descricao do Produto 2',
  'ProdValor_2' => '10,50',
  'ProdQuantidade_2' => '5',
  'ProdFrete_2' => '0,00',
)
---------

'Recebeu o post, verificando junto ao PagSeguro'
array (
  'TransacaoID' => '2346B5FE-A9E4-4D9E-82CE-876A0AD9FE90',
  'DataTransacao' => '20/08/2013 15:33:37',
  'VendedorEmail' => 'relojoaria@relojoariasaopaulo.com.br',
  'Referencia' => '123',
  'TipoFrete' => 'SD',
  'Extras' => '0,00',
  'Parcelas' => '1',
  'ValorFrete' => '0,00',
  'Anotacao' => '',
  'TipoPagamento' => 'Boleto',
  'StatusTransacao' => 'Completo',
  'CliNome' => 'Marcelo Torres',
  'CliEmail' => 'cliente@gmail.com',
  'CliEndereco' => 'Rua dos tra la las',
  'CliNumero' => '80',
  'CliComplemento' => 'Complemento',
  'CliBairro' => 'Praia Grande',
  'CliCidade' => 'Ilhabela',
  'CliEstado' => 'SP',
  'CliCEP' => '11630000',
  'CliTelefone' => '12 9999',
  'NumItens' => '2',
  'ProdID_1' => '1',
  'ProdDescricao_1' => 'Descricao do Produto',
  'ProdValor_1' => '0,50',
  'ProdQuantidade_1' => '1',
  'ProdFrete_1' => '0,00',
  'ProdID_2' => '2',
  'ProdDescricao_2' => 'Descricao do Produto 2',
  'ProdValor_2' => '10,50',
  'ProdQuantidade_2' => '5',
  'ProdFrete_2' => '0,00',
)
---------

